{
  "stats": {
    "suites": 1,
    "tests": 1,
    "passes": 1,
    "pending": 0,
    "failures": 0,
    "start": "2022-12-08T19:18:22.824Z",
    "end": "2022-12-08T19:18:29.378Z",
    "duration": 6554,
    "testsRegistered": 1,
    "passPercent": 100,
    "pendingPercent": 0,
    "other": 0,
    "hasOther": false,
    "skipped": 0,
    "hasSkipped": false
  },
  "results": [
    {
      "uuid": "e1d5dc31-b451-4180-8767-5845a5cdd9f3",
      "title": "",
      "fullFile": "cypress/e2e/firstTest.cy.js",
      "file": "cypress/e2e/firstTest.cy.js",
      "beforeHooks": [],
      "afterHooks": [],
      "tests": [],
      "suites": [
        {
          "uuid": "e9d440a7-6d7d-4915-a372-4b2ccd2e7c62",
          "title": "Challenge entrevista tecnica",
          "fullFile": "",
          "file": "",
          "beforeHooks": [],
          "afterHooks": [],
          "tests": [
            {
              "title": "Backend testing",
              "fullTitle": "Challenge entrevista tecnica Backend testing",
              "timedOut": null,
              "duration": 6276,
              "state": "passed",
              "speed": "medium",
              "pass": true,
              "fail": false,
              "pending": false,
              "context": null,
              "code": "const random = [Math.floor(Math.random() * (50 - 1 + 1)) + 1];\ncy.request('GET', `https://api.mercadolibre.com/sites/MLA/search?q=${products}`).then(response => {\n  expect(response.status).eq(200);\n  cy.request('GET', `https://api.mercadolibre.com/items/${response.body.results[random].id}`).then(responseProduct => {\n    expect(response.body.results[random].id).eq(responseProduct.body.id);\n    expect(response.body.results[random].price).eq(responseProduct.body.price);\n    expect(response.body.results[random].title).eq(responseProduct.body.title);\n    expect(response.body.results[random].accepts_mercadopago).eq(responseProduct.body.accepts_mercadopago);\n    expect(response.body.results[random].currency_id).eq(responseProduct.body.currency_id);\n    expect(response.body.results[random].shipping.free_shipping).eq(responseProduct.body.shipping.free_shipping);\n  });\n});",
              "err": {},
              "uuid": "be61de17-073e-4c95-9681-c036bbcbe989",
              "parentUUID": "e9d440a7-6d7d-4915-a372-4b2ccd2e7c62",
              "isHook": false,
              "skipped": false
            }
          ],
          "suites": [],
          "passes": [
            "be61de17-073e-4c95-9681-c036bbcbe989"
          ],
          "failures": [],
          "pending": [],
          "skipped": [],
          "duration": 6276,
          "root": false,
          "rootEmpty": false,
          "_timeout": 2000
        }
      ],
      "passes": [],
      "failures": [],
      "pending": [],
      "skipped": [],
      "duration": 0,
      "root": true,
      "rootEmpty": true,
      "_timeout": 2000
    }
  ],
  "meta": {
    "mocha": {
      "version": "7.0.1"
    },
    "mochawesome": {
      "options": {
        "quiet": false,
        "reportFilename": "mochawesome",
        "saveHtml": true,
        "saveJson": true,
        "consoleReporter": "spec",
        "useInlineDiffs": false,
        "code": true
      },
      "version": "7.1.3"
    },
    "marge": {
      "options": null,
      "version": "6.2.0"
    }
  }
}