{
  "stats": {
    "suites": 1,
    "tests": 2,
    "passes": 2,
    "pending": 0,
    "failures": 0,
    "start": "2022-12-26T06:09:54.756Z",
    "end": "2022-12-26T06:10:29.845Z",
    "duration": 35089,
    "testsRegistered": 2,
    "passPercent": 100,
    "pendingPercent": 0,
    "other": 0,
    "hasOther": false,
    "skipped": 0,
    "hasSkipped": false
  },
  "results": [
    {
      "uuid": "d75a11fd-ced2-4a17-818f-12853710d741",
      "title": "",
      "fullFile": "cypress/e2e/firstTest.cy.js",
      "file": "cypress/e2e/firstTest.cy.js",
      "beforeHooks": [],
      "afterHooks": [],
      "tests": [],
      "suites": [
        {
          "uuid": "6e5112b4-2d26-473e-b853-5d7f983cbc0c",
          "title": "Challenge entrevista tecnica",
          "fullFile": "",
          "file": "",
          "beforeHooks": [],
          "afterHooks": [],
          "tests": [
            {
              "title": "Validar categoria",
              "fullTitle": "Challenge entrevista tecnica Validar categoria",
              "timedOut": null,
              "duration": 29138,
              "state": "passed",
              "speed": "slow",
              "pass": true,
              "fail": false,
              "pending": false,
              "context": null,
              "code": "navBarPage.hoverCategories();\nnavBarPage.selectCategories(`${categories.categorieOne.principal}`);\nsubCategoriesPage.selectSubCategorie(`${categories.categorieOne.subCategories[0]}`);\nselectedCategoriePage.getTitleCategorie(`${categories.categorieOne.principal} ${categories.categorieOne.subCategories[0]}`).should('exist');\nselectedCategoriePage.getQuantityResults().should('exist');\nselectedCategoriePage.selectUbication(ubications);\nlistProductsPage.validateProductData();",
              "err": {},
              "uuid": "50600509-8f7c-40b8-a19d-cc6ab774db5e",
              "parentUUID": "6e5112b4-2d26-473e-b853-5d7f983cbc0c",
              "isHook": false,
              "skipped": false
            },
            {
              "title": "Backend testing",
              "fullTitle": "Challenge entrevista tecnica Backend testing",
              "timedOut": null,
              "duration": 5565,
              "state": "passed",
              "speed": "medium",
              "pass": true,
              "fail": false,
              "pending": false,
              "context": null,
              "code": "const random = [Math.floor(Math.random() * (50 - 1 + 1)) + 1];\ncy.request('GET', `https://api.mercadolibre.com/sites/MLA/search?q=${products}`).then(response => {\n  expect(response.status).eq(200);\n  cy.request('GET', `https://api.mercadolibre.com/items/${response.body.results[random].id}`).then(responseProduct => {\n    expect(response.body.results[random].id).eq(responseProduct.body.id);\n    expect(response.body.results[random].price).eq(responseProduct.body.price);\n    expect(response.body.results[random].title).eq(responseProduct.body.title);\n    expect(response.body.results[random].accepts_mercadopago).eq(responseProduct.body.accepts_mercadopago);\n    expect(response.body.results[random].currency_id).eq(responseProduct.body.currency_id);\n    expect(response.body.results[random].shipping.free_shipping).eq(responseProduct.body.shipping.free_shipping);\n  });\n});",
              "err": {},
              "uuid": "2a413800-296f-4e97-accf-49ee7e450f52",
              "parentUUID": "6e5112b4-2d26-473e-b853-5d7f983cbc0c",
              "isHook": false,
              "skipped": false
            }
          ],
          "suites": [],
          "passes": [
            "50600509-8f7c-40b8-a19d-cc6ab774db5e",
            "2a413800-296f-4e97-accf-49ee7e450f52"
          ],
          "failures": [],
          "pending": [],
          "skipped": [],
          "duration": 34703,
          "root": false,
          "rootEmpty": false,
          "_timeout": 2000
        }
      ],
      "passes": [],
      "failures": [],
      "pending": [],
      "skipped": [],
      "duration": 0,
      "root": true,
      "rootEmpty": true,
      "_timeout": 2000
    }
  ],
  "meta": {
    "mocha": {
      "version": "7.0.1"
    },
    "mochawesome": {
      "options": {
        "quiet": false,
        "reportFilename": "mochawesome",
        "saveHtml": true,
        "saveJson": true,
        "consoleReporter": "spec",
        "useInlineDiffs": false,
        "code": true
      },
      "version": "7.1.3"
    },
    "marge": {
      "options": null,
      "version": "6.2.0"
    }
  }
}